<?xml version="1.0" encoding="UTF-8" ?>
<testsuite tests="1" failures="0" name="net.squirrel.poshtar.server.post.PostAutoLuxTest" time="4.826" errors="0" skipped="0">
  <properties>
    <property name="idea.version" value="2016.3.4"/>
    <property name="java.runtime.name" value="Java(TM) SE Runtime Environment"/>
    <property name="sun.boot.library.path" value="C:\jdk\jre\bin"/>
    <property name="java.vm.version" value="25.45-b02"/>
    <property name="java.vm.vendor" value="Oracle Corporation"/>
    <property name="maven.multiModuleProjectDirectory" value="D:\Project\Poshtar\SPoshtar"/>
    <property name="java.vendor.url" value="http://java.oracle.com/"/>
    <property name="path.separator" value=";"/>
    <property name="guice.disable.misplaced.annotation.check" value="true"/>
    <property name="java.vm.name" value="Java HotSpot(TM) 64-Bit Server VM"/>
    <property name="file.encoding.pkg" value="sun.io"/>
    <property name="idea.launcher.port" value="7532"/>
    <property name="user.script" value=""/>
    <property name="user.country" value="RU"/>
    <property name="sun.java.launcher" value="SUN_STANDARD"/>
    <property name="sun.os.patch.level" value="Service Pack 1"/>
    <property name="java.vm.specification.name" value="Java Virtual Machine Specification"/>
    <property name="user.dir" value="D:\Project\Poshtar\SPoshtar"/>
    <property name="java.runtime.version" value="1.8.0_45-b14"/>
    <property name="java.awt.graphicsenv" value="sun.awt.Win32GraphicsEnvironment"/>
    <property name="java.endorsed.dirs" value="C:\jdk\jre\lib\endorsed"/>
    <property name="os.arch" value="amd64"/>
    <property name="java.io.tmpdir" value="C:\Users\Anna\AppData\Local\Temp\"/>
    <property name="line.separator" value="
"/>
    <property name="java.vm.specification.vendor" value="Oracle Corporation"/>
    <property name="user.variant" value=""/>
    <property name="os.name" value="Windows 7"/>
    <property name="classworlds.conf" value="E:\Program Files (x86)\IntelliJ IDEA 2016.3.4\plugins\maven\lib\maven3\bin\m2.conf"/>
    <property name="sun.jnu.encoding" value="Cp1251"/>
    <property name="java.library.path" value="C:\jdk\bin;C:\Windows\Sun\Java\bin;C:\Windows\system32;C:\Windows;C:\ProgramData\Oracle\Java\javapath;C:\Program Files (x86)\Microchip\MPLABC18\v3.46\mpasm;C:\Program Files (x86)\Microchip\MPLABC18\v3.46\bin;C:\Windows\system32;C:\Windows;C:\Windows\System32\Wbem;C:\Windows\System32\WindowsPowerShell\v1.0\;C:\Program Files (x86)\Common Files\Acronis\SnapAPI\;C:\Program Files\Common Files\Autodesk Shared\;C:\Program Files (x86)\Microsoft SQL Server\90\Tools\binn\;C:\Program Files\Microsoft SQL Server\110\Tools\Binn\;D:\Program Files (x86)\Exact Audio Copy;C:\Program Files (x86)\Common Files\Autodesk Shared\Advance Steel\;C:\Program Files\Common Files\Autodesk Shared\Advance Steel\;C:\Program Files\Common Files\Graitec\;D:\CooCox\CoIDE_V2Beta\bin;D:\CooCox\CoIDE\gcc\bin;C:\Program Files (x86)\Skype\Phone\;E:\Program Files (x86)\Samsung\Samsung PC Studio 3;E:\CooCox\CoIDE_V2Beta\bin;C:\Program Files (x86)\NVIDIA Corporation\PhysX\Common;C:\Program Files (x86)\MySQL\MySQL Fabric 1.5 &amp; MySQL Utilities 1.5\;C:\Program Files (x86)\MySQL\MySQL Fabric 1.5 &amp; MySQL Utilities 1.5\Doctrine extensions for PHP\;C:\Program Files\Git\cmd;D:\CodeBench_ARM\bin;C:\Program Files (x86)\Microchip\MPLABC18\v3.46\mpasm;C:\Program Files (x86)\Microchip\MPLABC18\v3.46\bin;C:\Windows\system32;C:\Windows;C:\Windows\System32\Wbem;D:\Program Files (x86)\apache-maven-3.3.9\bin;D:\Program Files (x86)\Tesseract-OCR;C:\Program Files\gradle\bin;."/>
    <property name="java.specification.name" value="Java Platform API Specification"/>
    <property name="java.class.version" value="52.0"/>
    <property name="sun.management.compiler" value="HotSpot 64-Bit Tiered Compilers"/>
    <property name="os.version" value="6.1"/>
    <property name="user.home" value="C:\Users\Anna"/>
    <property name="user.timezone" value="Europe/Helsinki"/>
    <property name="java.awt.printerjob" value="sun.awt.windows.WPrinterJob"/>
    <property name="java.specification.version" value="1.8"/>
    <property name="idea.launcher.bin.path" value="E:\Program Files (x86)\IntelliJ IDEA 2016.3.4\bin"/>
    <property name="file.encoding" value="UTF-8"/>
    <property name="user.name" value="Anna"/>
    <property name="java.class.path" value="E:\Program Files (x86)\IntelliJ IDEA 2016.3.4\plugins\maven\lib\maven3\boot\plexus-classworlds-2.5.2.jar;E:\Program Files (x86)\IntelliJ IDEA 2016.3.4\lib\idea_rt.jar"/>
    <property name="java.vm.specification.version" value="1.8"/>
    <property name="sun.arch.data.model" value="64"/>
    <property name="java.home" value="C:\jdk\jre"/>
    <property name="sun.java.command" value="com.intellij.rt.execution.application.AppMain org.codehaus.classworlds.Launcher -Didea.version=2016.3.4 package"/>
    <property name="java.specification.vendor" value="Oracle Corporation"/>
    <property name="user.language" value="ru"/>
    <property name="awt.toolkit" value="sun.awt.windows.WToolkit"/>
    <property name="java.vm.info" value="mixed mode"/>
    <property name="java.version" value="1.8.0_45"/>
    <property name="java.ext.dirs" value="C:\jdk\jre\lib\ext;C:\Windows\Sun\Java\lib\ext"/>
    <property name="sun.boot.class.path" value="C:\jdk\jre\lib\resources.jar;C:\jdk\jre\lib\rt.jar;C:\jdk\jre\lib\sunrsasign.jar;C:\jdk\jre\lib\jsse.jar;C:\jdk\jre\lib\jce.jar;C:\jdk\jre\lib\charsets.jar;C:\jdk\jre\lib\jfr.jar;C:\jdk\jre\classes"/>
    <property name="java.vendor" value="Oracle Corporation"/>
    <property name="maven.home" value="E:\Program Files (x86)\IntelliJ IDEA 2016.3.4\plugins\maven\lib\maven3"/>
    <property name="file.separator" value="\"/>
    <property name="java.vendor.url.bug" value="http://bugreport.sun.com/bugreport/"/>
    <property name="sun.cpu.endian" value="little"/>
    <property name="sun.io.unicode.encoding" value="UnicodeLittle"/>
    <property name="sun.desktop" value="windows"/>
    <property name="sun.cpu.isalist" value="amd64"/>
  </properties>
  <testcase classname="net.squirrel.poshtar.server.post.PostAutoLuxTest" name="track" time="4.826"/>
</testsuite>